<?xml version="1.0" encoding="UTF-8"?>
<testsuites>
  <testsuite name="cli" tests="4" assertions="17" errors="0" failures="0" skipped="0" time="7.000321">
    <testcase name="0-Yii" file="/app/tests-modules/codeception/cli/0-YiiCept.php" feature="" assertions="6" time="0.716560"/>
    <testcase name="1-Init" file="/app/tests-modules/codeception/cli/1-InitCept.php" feature="" assertions="4" time="5.625624"/>
    <testcase name="DbDump" file="/app/tests-modules/codeception/cli/DbDumpCept.php" feature="" assertions="1" time="0.196486"/>
    <testcase name="Yii" file="/app/tests-modules/codeception/cli/YiiCept.php" feature="" assertions="6" time="0.461651"/>
  </testsuite>
  <testsuite name="e2e" tests="4" assertions="7" errors="0" failures="0" skipped="0" time="14.552822">
    <testcase name="AdminLogin" file="/app/tests-modules/codeception/e2e/_init/AdminLoginCept.php" feature="login as admin" assertions="1" time="3.471276"/>
    <testcase name="TestRole" file="/app/tests-modules/codeception/e2e/_init/TestRoleCept.php" feature="create a preview RBAC role" assertions="1" time="6.859931"/>
    <testcase name="Login" file="/app/tests-modules/codeception/e2e/app/LoginCept.php" feature="ensure that login works" assertions="3" time="3.278452"/>
    <testcase name="Mobile" file="/app/tests-modules/codeception/e2e/app/MobileCept.php" feature="ensure that responsive mobile layout works" assertions="2" time="0.943163"/>
  </testsuite>
  <testsuite name="functional" tests="8" assertions="107" errors="0" failures="1" skipped="0" time="5.695344">
    <testcase name="AccessControl" file="/app/tests-modules/codeception/functional/AccessControlCept.php" feature="ensure that access control works" assertions="12" time="0.476310"/>
    <testcase name="AccessControlUI" file="/app/tests-modules/codeception/functional/AccessControlUICept.php" feature="ensure that access control UI works" assertions="2" time="1.342534"/>
    <testcase name="BackendLinks" file="/app/tests-modules/codeception/functional/BackendLinksCept.php" feature="Click backend links" assertions="70" time="3.304378"/>
    <testcase name="ErrorPage" file="/app/tests-modules/codeception/functional/ErrorPageCept.php" feature="ensure that error page works" assertions="2" time="0.036497"/>
    <testcase name="Languages" file="/app/tests-modules/codeception/functional/LanguagesCept.php" feature="ensure that language urls work" assertions="4" time="0.107913"/>
    <testcase name="Lanugages" file="/app/tests-modules/codeception/functional/LanugagesCept.php" feature="ensure that language urls work" assertions="3" time="0.082186"/>
    <testcase name="Login" file="/app/tests-modules/codeception/functional/LoginCept.php" feature="ensure that login works" assertions="10" time="0.342184"/>
    <testcase name="Version" file="/app/tests-modules/codeception/functional/VersionCept.php" feature="check application versioning" assertions="4" time="0.003342">
      <failure type="PHPUnit\Framework\ExpectationFailedException">VersionCept: Check application versioning
Found text 'dirty' in currently opened file
Failed asserting that '0.5.0-15-gbdef972-dirty\n
' does not contain "dirty".

/app/vendor/codeception/codeception/src/Codeception/Util/Shared/Asserts.php:163
/app/vendor/codeception/codeception/src/Codeception/Module/Filesystem.php:224
/app/vendor/codeception/codeception/src/Codeception/Step.php:260
/app/vendor/codeception/codeception/src/Codeception/Scenario.php:72
/app/tests-modules/codeception/_support/_generated/FunctionalTesterActions.php:305
/app/tests-modules/codeception/functional/VersionCept.php:20
/app/vendor/codeception/codeception/src/Codeception/Test/Cept.php:42
/app/vendor/codeception/codeception/src/Codeception/Test/Test.php:87
/app/vendor/codeception/codeception/src/Codeception/PHPUnit/Runner.php:106
/app/vendor/codeception/codeception/src/Codeception/SuiteManager.php:157
/app/vendor/codeception/codeception/src/Codeception/Codecept.php:188
/app/vendor/codeception/codeception/src/Codeception/Codecept.php:157
/app/vendor/codeception/codeception/src/Codeception/Command/Run.php:420
/app/vendor/codeception/codeception/src/Codeception/Command/Run.php:347
/app/vendor/symfony/console/Command/Command.php:240
/app/vendor/symfony/console/Application.php:858
/app/vendor/symfony/console/Application.php:216
/app/vendor/symfony/console/Application.php:122
/app/vendor/codeception/codeception/src/Codeception/Application.php:103
/app/vendor/codeception/codeception/codecept:36
</failure>
    </testcase>
  </testsuite>
  <testsuite name="unit" tests="1" assertions="1" errors="0" failures="0" skipped="0" time="0.002876">
    <testcase name="testApp" class="ControllerTest" file="/app/tests-modules/codeception/unit/ControllerTest.php" assertions="1" time="0.002876"/>
  </testsuite>
</testsuites>
